2025-06-26 16:34:42 [INFO] App Started
2025-06-26 16:34:50 [INFO] App Exited
2025-06-26 16:34:55 [INFO] App Started
2025-06-26 16:34:59 [INFO] App Exited
2025-06-26 16:35:51 [INFO] App Started
2025-06-26 16:35:59 [INFO] App Exited
2025-06-26 16:36:29 [INFO] App Started
2025-06-26 16:36:34 [INFO] App Exited
2025-06-26 16:36:44 [INFO] App Started
2025-06-26 16:36:52 [INFO] App Exited
2025-06-26 16:38:16 [INFO] App Started
2025-06-26 16:40:26 [INFO] App Started
2025-06-26 16:40:54 [INFO] App Started
2025-06-26 16:41:03 [INFO] App Exited
2025-06-26 16:41:56 [INFO] App Started
2025-06-26 16:42:02 [INFO] App Exited
2025-06-26 16:43:29 [INFO] App Started
2025-06-26 16:43:36 [INFO] App Exited
2025-06-26 16:43:55 [INFO] App Started
2025-06-26 16:44:17 [INFO] App Started
2025-06-26 16:44:24 [INFO] App Exited
2025-06-26 16:45:29 [INFO] App Started
2025-06-26 16:45:35 [INFO] App Exited
2025-06-26 16:46:20 [INFO] App Started
2025-06-26 16:46:25 [INFO] App Exited
2025-06-26 16:49:50 [INFO] App Started
2025-06-26 16:50:11 [INFO] App Exited
2025-06-26 16:50:58 [INFO] App Started
2025-06-26 16:51:04 [INFO] App Exited
2025-06-26 16:52:15 [INFO] App Started
2025-06-26 16:52:20 [INFO] App Exited
2025-06-26 16:52:21 [INFO] App Started
2025-06-26 16:52:23 [INFO] App Exited
2025-06-26 16:57:09 [INFO] App Started
2025-06-26 16:57:16 [INFO] App Exited
2025-06-26 17:23:29 [INFO] App Started
2025-06-26 17:23:33 [INFO] App Exited
2025-06-26 17:23:38 [INFO] App Started
2025-06-26 17:23:42 [INFO] App Exited
2025-06-26 20:35:59 [INFO] App Started
2025-06-26 20:36:04 [INFO] App Exited
2025-06-26 20:37:00 [INFO] App Started
2025-06-26 20:37:02 [INFO] App Exited
2025-06-26 20:37:11 [INFO] App Started
2025-06-26 20:37:15 [INFO] App Exited
2025-06-26 21:01:15 [INFO] App Started
2025-06-26 21:01:20 [INFO] App Exited
2025-06-26 21:04:05 [INFO] App Started
2025-06-26 21:04:10 [INFO] App Exited
2025-06-26 21:04:42 [INFO] App Started
2025-06-26 21:04:52 [INFO] App Started
2025-06-26 21:05:17 [INFO] App Started
2025-06-26 21:05:21 [INFO] App Exited
2025-06-26 21:05:34 [INFO] App Started
2025-06-26 21:05:37 [INFO] App Exited
2025-06-26 21:07:35 [INFO] App Started
2025-06-26 21:07:42 [INFO] App Exited
2025-06-26 21:08:08 [INFO] App Started
2025-06-26 21:08:21 [INFO] App Exited
2025-06-26 21:09:50 [INFO] App Started
2025-06-26 21:09:57 [INFO] App Started
2025-06-26 21:10:15 [INFO] App Exited
2025-06-26 21:11:39 [INFO] App Started
2025-06-26 21:11:46 [INFO] App Exited
2025-06-26 21:12:38 [INFO] App Started
2025-06-26 21:12:45 [INFO] App Exited
2025-06-26 21:12:59 [INFO] App Started
2025-06-26 21:13:05 [INFO] App Exited
2025-06-26 21:13:13 [INFO] App Started
2025-06-26 21:13:17 [INFO] App Exited
2025-06-26 21:13:37 [INFO] App Started
2025-06-26 21:13:42 [INFO] App Exited
2025-06-26 21:13:53 [INFO] App Started
2025-06-26 21:14:02 [INFO] App Exited
2025-06-26 21:14:05 [INFO] App Started
2025-06-26 21:14:14 [INFO] App Exited
2025-06-26 21:15:24 [INFO] App Started
2025-06-26 21:21:44 [INFO] App Started
2025-06-26 21:21:59 [INFO] App Exited
2025-06-26 21:24:05 [INFO] App Started
2025-06-26 21:24:34 [INFO] App Started
2025-06-26 21:25:00 [INFO] App Exited
2025-06-26 21:43:14 [INFO] App Started
2025-06-26 21:45:46 [INFO] App Started
2025-06-26 21:45:52 [INFO] App Exited
2025-06-26 21:45:54 [INFO] App Started
2025-06-26 21:46:02 [INFO] App Exited
2025-06-26 21:47:20 [INFO] App Started
2025-06-26 21:47:21 [INFO] App Exited
2025-06-26 21:47:42 [INFO] App Started
2025-06-26 21:47:46 [INFO] App Exited
2025-06-26 21:49:14 [INFO] App Started
2025-06-26 21:49:17 [INFO] App Exited
2025-06-26 21:53:45 [INFO] App Started
2025-06-26 21:54:06 [INFO] App Exited
2025-06-26 21:58:53 [INFO] App Started
2025-06-26 21:58:58 [INFO] App Exited
2025-06-26 22:00:03 [INFO] App Started
2025-06-26 22:00:10 [INFO] App Exited
2025-06-26 22:03:39 [INFO] App Started
2025-06-26 22:04:27 [INFO] App Started
2025-06-26 22:04:39 [INFO] App Started
2025-06-26 22:05:09 [INFO] App Started
2025-06-26 22:06:13 [INFO] App Started
2025-06-26 22:07:04 [INFO] App Started
2025-06-26 22:09:17 [INFO] App Started
2025-06-26 22:09:26 [INFO] App Started
2025-06-26 22:11:17 [INFO] App Started
2025-06-26 22:11:22 [INFO] App Exited
2025-06-26 22:12:22 [INFO] App Started
2025-06-26 22:12:25 [INFO] App Exited
2025-06-26 22:14:24 [INFO] App Started
2025-06-26 22:14:26 [INFO] App Exited
2025-06-26 22:14:33 [INFO] App Started
2025-06-26 22:14:35 [INFO] App Exited
2025-06-26 22:14:42 [INFO] App Started
2025-06-26 22:14:50 [INFO] App Exited
2025-06-26 22:14:52 [INFO] App Started
2025-06-26 22:15:02 [INFO] App Exited
2025-06-27 08:48:57 [INFO] App Started
2025-06-27 08:49:03 [INFO] App Exited
2025-06-27 08:51:20 [INFO] App Started
2025-06-27 08:53:34 [INFO] App Started
2025-06-27 08:53:36 [INFO] App Started
2025-06-27 08:54:03 [INFO] App Started
2025-06-27 08:54:08 [INFO] App Exited
2025-06-27 08:56:34 [INFO] App Started
2025-06-27 08:56:59 [INFO] App Started
2025-06-27 08:57:06 [INFO] App Exited
2025-06-27 09:00:59 [INFO] App Started
2025-06-27 09:01:06 [INFO] App Exited
2025-06-27 09:01:08 [INFO] App Started
2025-06-27 09:01:15 [INFO] App Exited
2025-06-27 10:01:47 [INFO] App Started
2025-06-27 10:07:00 [INFO] App Started
2025-06-27 10:11:08 [INFO] App Started
2025-06-27 10:12:21 [INFO] App Started
2025-06-27 10:16:56 [INFO] App Started
2025-06-27 10:17:34 [INFO] App Started
2025-06-27 10:17:43 [INFO] App Exited
2025-06-27 10:18:23 [INFO] App Started
2025-06-27 10:18:30 [INFO] App Exited
2025-06-27 10:20:08 [INFO] App Started
2025-06-27 10:20:13 [INFO] App Exited
2025-06-27 10:22:12 [INFO] App Started
2025-06-27 10:25:27 [INFO] App Started
2025-06-27 10:27:49 [INFO] App Started
2025-06-27 10:34:31 [INFO] App Started
2025-06-27 10:34:39 [INFO] App Started
2025-06-27 10:34:46 [INFO] App Exited
2025-06-27 10:35:14 [INFO] App Started
2025-06-27 10:35:56 [INFO] App Started
2025-06-27 10:36:01 [INFO] App Exited
2025-06-27 10:36:23 [INFO] App Started
2025-06-27 10:36:28 [INFO] App Exited
2025-06-27 10:41:23 [INFO] App Started
2025-06-27 10:42:55 [INFO] App Started
2025-06-27 10:50:11 [INFO] App Started
2025-06-27 11:00:55 [INFO] App Started
2025-06-27 11:10:56 [INFO] App Started
2025-06-27 11:11:03 [INFO] App Started
2025-06-27 11:11:39 [INFO] App Started
2025-06-27 11:12:37 [INFO] App Started
2025-06-27 11:12:41 [INFO] App Exited
2025-06-27 11:14:08 [INFO] App Started
2025-06-27 11:14:50 [INFO] App Started
2025-06-27 11:14:56 [INFO] App Exited
2025-06-27 11:19:08 [INFO] App Started
2025-06-27 11:20:15 [INFO] App Started
2025-06-27 11:20:59 [INFO] App Started
2025-06-27 11:22:25 [INFO] App Started
2025-06-27 11:24:12 [INFO] App Started
2025-06-27 11:24:23 [INFO] App Started
2025-06-27 11:24:29 [INFO] App Exited
2025-06-27 11:25:04 [INFO] App Started
2025-06-27 11:25:20 [INFO] App Exited
2025-06-27 11:28:39 [INFO] App Started
2025-06-27 11:30:23 [INFO] App Started
2025-06-27 11:30:28 [INFO] App Exited
2025-06-27 11:30:50 [INFO] App Started
2025-06-27 11:30:55 [INFO] App Exited
2025-06-27 11:30:59 [INFO] App Started
2025-06-27 11:31:04 [INFO] App Exited
2025-06-27 11:31:20 [INFO] App Started
2025-06-27 11:31:24 [INFO] App Exited
2025-06-27 11:36:20 [INFO] App Started
2025-06-27 11:36:41 [INFO] App Exited
2025-06-27 11:40:53 [INFO] App Started
2025-06-27 11:41:08 [INFO] App Started
2025-06-27 11:41:47 [INFO] App Exited
2025-06-27 11:49:02 [INFO] App Started
2025-06-27 11:49:27 [INFO] App Started
2025-06-27 11:49:35 [INFO] App Exited
2025-06-27 11:49:45 [INFO] App Started
2025-06-27 11:50:13 [INFO] App Exited
2025-06-27 14:03:40 [INFO] App Started
2025-06-27 14:04:29 [INFO] App Started
2025-06-27 14:04:44 [INFO] App Started
2025-06-27 14:04:50 [INFO] App Started
2025-06-27 14:04:55 [INFO] App Started
2025-06-27 14:05:09 [INFO] App Started
2025-06-27 14:05:57 [INFO] App Started
2025-06-27 14:06:35 [INFO] App Started
2025-06-27 14:06:42 [INFO] App Exited
2025-06-27 14:11:10 [INFO] App Started
2025-06-27 14:11:19 [INFO] App Exited
2025-06-27 14:13:04 [INFO] App Started
2025-06-27 14:13:07 [INFO] App Exited
2025-06-27 14:16:07 [INFO] App Started
2025-06-27 14:16:20 [INFO] App Exited
2025-06-27 14:17:17 [INFO] App Started
2025-06-27 14:17:35 [INFO] App Exited
2025-06-27 14:17:50 [INFO] App Started
2025-06-27 14:18:02 [INFO] App Exited
2025-06-27 14:18:13 [INFO] App Started
2025-06-27 14:18:49 [INFO] App Exited
2025-06-27 14:22:14 [INFO] App Started
2025-06-27 14:22:20 [INFO] App Exited
2025-06-27 14:22:45 [INFO] App Started
2025-06-27 14:22:56 [INFO] App Exited
2025-06-27 14:23:00 [INFO] App Started
2025-06-27 14:23:05 [INFO] App Exited
2025-06-27 14:23:53 [INFO] App Started
2025-06-27 14:24:18 [INFO] App Exited
2025-06-27 14:24:24 [INFO] App Started
2025-06-27 14:24:47 [INFO] App Exited
2025-06-27 14:24:51 [INFO] App Started
2025-06-27 14:24:57 [INFO] App Exited
2025-06-27 14:25:01 [INFO] App Started
2025-06-27 14:25:10 [INFO] App Exited
2025-06-27 14:26:09 [INFO] App Started
2025-06-27 14:26:17 [INFO] App Exited
2025-06-27 14:27:16 [INFO] App Started
2025-06-27 14:27:24 [INFO] App Exited
2025-06-27 14:39:01 [INFO] App Started
2025-06-27 14:39:03 [INFO] App Exited
2025-06-27 14:41:18 [INFO] App Started
2025-06-27 14:41:25 [INFO] App Exited
2025-06-27 14:41:45 [INFO] App Started
2025-06-27 14:41:52 [INFO] App Exited
2025-06-27 14:48:11 [INFO] App Started
2025-06-27 14:49:18 [INFO] App Started
2025-06-27 14:52:26 [INFO] App Exited
2025-06-27 14:57:59 [INFO] App Started
2025-06-27 14:58:42 [INFO] App Started
2025-06-27 14:58:54 [INFO] QR Code Scanned: Some text here
2025-06-27 14:58:55 [INFO] QR Code Scanned: Some text here
2025-06-27 14:58:56 [INFO] QR Code Scanned: Some text here
2025-06-27 14:58:56 [INFO] QR Code Scanned: Some text here
2025-06-27 14:58:57 [INFO] QR Code Scanned: Some text here
2025-06-27 14:58:57 [INFO] QR Code Scanned: Some text here
2025-06-27 14:59:00 [INFO] App Exited
2025-06-27 15:03:54 [INFO] App Started
2025-06-27 15:03:56 [INFO] App Exited
2025-06-27 15:14:03 [INFO] App Started
2025-06-27 15:14:07 [INFO] App Exited
2025-06-27 16:20:46 [INFO] App Started
2025-06-27 16:21:10 [INFO] App Exited
2025-06-27 16:24:09 [INFO] App Started
2025-06-27 16:24:14 [INFO] App Exited
2025-06-27 16:24:19 [INFO] App Started
2025-06-27 16:25:45 [INFO] App Exited
2025-06-27 16:27:56 [INFO] App Started
2025-06-27 16:27:59 [INFO] App Exited
2025-06-27 17:00:19 [INFO] App Started
2025-06-27 17:00:32 [INFO] App Exited
2025-06-27 17:01:11 [INFO] App Started
2025-06-27 17:01:21 [INFO] App Exited
2025-06-27 17:02:21 [INFO] App Started
2025-06-27 17:02:48 [INFO] App Exited
2025-06-27 17:10:02 [INFO] App Started
2025-06-27 17:13:56 [INFO] App Exited
2025-06-27 17:14:03 [INFO] App Started
2025-06-27 17:14:10 [INFO] App Exited
2025-06-27 17:15:25 [INFO] App Started
2025-06-27 17:17:14 [INFO] App Exited
2025-06-27 20:27:49 [INFO] App Started
2025-06-27 20:30:08 [INFO] App Exited
2025-06-27 20:30:17 [INFO] App Started
2025-06-27 20:30:20 [INFO] App Exited
2025-06-27 21:32:38 [INFO] App Started
2025-06-27 21:32:44 [INFO] App Exited
2025-06-27 22:30:05 [ERROR] Failed to load main UI file: ui/main.ui: invalid Qt Designer file: [Errno 2] No such file or directory: 'ui/main.ui'
2025-06-27 22:30:18 [ERROR] Failed to load main UI file: ui/main.ui: invalid Qt Designer file: [Errno 2] No such file or directory: 'ui/main.ui'
2025-06-27 22:31:23 [ERROR] Fatal error in main(): [Errno 2] No such file or directory: 'assets/gs_credentials.json'
2025-06-27 22:31:52 [ERROR] Fatal error in main(): [Errno 2] No such file or directory: 'assets/gs_credentials.json'
2025-06-27 22:32:32 [ERROR] Fatal error in main(): [Errno 2] No such file or directory: '../../assets/gs_credentials.json'
2025-06-27 22:33:10 [ERROR] Fatal error in main(): [Errno 2] No such file or directory: '../../assets/gs_credentials.json'
2025-06-27 22:41:59 [ERROR] Fatal error in main(): [Errno 2] No such file or directory: 'C:\\Users\\CalciumKing\\Documents\\Repos\\SLAC-LCLS-Stock-Management\\stock_manager\\utils\\database.py\\assets\\credentials.json'
2025-06-27 22:43:44 [ERROR] Fatal error in main(): [Errno 2] No such file or directory: 'C:\\Users\\CalciumKing\\Documents\\Repos\\SLAC-LCLS-Stock-Management\\assets\\credentials.json'
2025-06-27 22:44:04 [ERROR] Failed to load view UI file: ui/view.ui: invalid Qt Designer file: [Errno 2] No such file or directory: 'ui/view.ui'
2025-06-27 22:44:04 [ERROR] Fatal error in main(): ui/view.ui: invalid Qt Designer file: [Errno 2] No such file or directory: 'ui/view.ui'
2025-06-27 22:45:02 [ERROR] Failed to load view UI file: ui/view.ui: invalid Qt Designer file: [Errno 2] No such file or directory: 'ui/view.ui'
2025-06-27 22:45:02 [ERROR] Fatal error in main(): ui/view.ui: invalid Qt Designer file: [Errno 2] No such file or directory: 'ui/view.ui'
2025-06-27 22:47:37 [ERROR] Failed to load view UI file: C:\Users\CalciumKing\Documents\Repos\SLAC-LCLS-Stock-Management\stock_manager\ui\view.ui: invalid Qt Designer file: [Errno 2] No such file or directory: 'C:\\Users\\CalciumKing\\Documents\\Repos\\SLAC-LCLS-Stock-Management\\stock_manager\\ui\\view.ui'
2025-06-27 22:47:37 [ERROR] Fatal error in main(): C:\Users\CalciumKing\Documents\Repos\SLAC-LCLS-Stock-Management\stock_manager\ui\view.ui: invalid Qt Designer file: [Errno 2] No such file or directory: 'C:\\Users\\CalciumKing\\Documents\\Repos\\SLAC-LCLS-Stock-Management\\stock_manager\\ui\\view.ui'
2025-06-27 22:47:52 [ERROR] Failed to load view UI file: C:\Users\CalciumKing\Documents\Repos\SLAC-LCLS-Stock-Management\stock_manager\ui\view.ui: invalid Qt Designer file: [Errno 2] No such file or directory: 'C:\\Users\\CalciumKing\\Documents\\Repos\\SLAC-LCLS-Stock-Management\\stock_manager\\ui\\view.ui'
2025-06-27 22:47:52 [ERROR] Fatal error in main(): C:\Users\CalciumKing\Documents\Repos\SLAC-LCLS-Stock-Management\stock_manager\ui\view.ui: invalid Qt Designer file: [Errno 2] No such file or directory: 'C:\\Users\\CalciumKing\\Documents\\Repos\\SLAC-LCLS-Stock-Management\\stock_manager\\ui\\view.ui'
2025-06-27 22:48:13 [ERROR] Failed to load scanner UI file: ui/scanner.ui: invalid Qt Designer file: [Errno 2] No such file or directory: 'ui/scanner.ui'
2025-06-27 22:48:13 [ERROR] Fatal error in main(): ui/scanner.ui: invalid Qt Designer file: [Errno 2] No such file or directory: 'ui/scanner.ui'
2025-06-27 22:49:44 [INFO] App Started
2025-06-27 22:49:51 [INFO] App Exited
2025-06-27 22:50:18 [ERROR] Failed to load main UI file: C:\Users\CalciumKing\Documents\Repos\ui\main.ui: invalid Qt Designer file: [Errno 2] No such file or directory: 'C:\\Users\\CalciumKing\\Documents\\Repos\\ui\\main.ui'
2025-06-27 22:50:23 [ERROR] Failed to load main UI file: C:\Users\CalciumKing\Documents\Repos\ui\main.ui: invalid Qt Designer file: [Errno 2] No such file or directory: 'C:\\Users\\CalciumKing\\Documents\\Repos\\ui\\main.ui'
2025-06-27 22:50:44 [INFO] App Started
2025-06-27 22:51:06 [INFO] App Exited
2025-06-27 22:51:14 [INFO] App Started
2025-06-27 22:51:15 [INFO] App Exited
2025-06-27 23:09:38 [INFO] App Started
2025-06-27 23:09:40 [INFO] App Exited
2025-06-30 11:48:53 [INFO] App Started
2025-06-30 11:58:21 [INFO] App Exited
2025-06-30 11:58:29 [INFO] App Started
2025-06-30 11:58:31 [INFO] App Exited
2025-06-30 13:08:06 [INFO] App Started
2025-06-30 16:16:31 [INFO] App Started
2025-06-30 16:16:46 [INFO] App Exited
2025-06-30 16:17:25 [INFO] App Started
2025-06-30 16:17:49 [INFO] App Exited
2025-06-30 16:17:58 [INFO] App Started
2025-06-30 16:19:57 [INFO] App Exited
2025-06-30 16:20:03 [INFO] App Started
2025-06-30 16:20:22 [INFO] App Exited
2025-06-30 16:20:53 [INFO] App Started
2025-06-30 16:21:27 [INFO] App Exited
2025-06-30 16:22:38 [INFO] App Started
2025-06-30 16:23:12 [INFO] App Exited
2025-06-30 16:24:13 [INFO] App Started
2025-06-30 16:24:58 [INFO] App Exited
2025-06-30 16:54:27 [INFO] App Started
2025-06-30 16:54:44 [INFO] App Started
2025-06-30 16:54:46 [INFO] App Exited
2025-06-30 16:54:57 [INFO] App Started
2025-07-01 10:42:37 [INFO] App Started
2025-07-01 10:43:21 [INFO] App Exited
2025-07-01 11:03:47 [ERROR] Fatal error in main(): AbstractController.__init__() missing 1 required positional argument: 'items'
2025-07-01 11:34:27 [INFO] App Started
2025-07-01 11:38:33 [INFO] App Exited
2025-07-01 13:03:08 [INFO] App Started
2025-07-01 13:04:08 [INFO] App Exited
2025-07-01 13:11:37 [INFO] App Started
2025-07-01 13:14:03 [INFO] App Exited
2025-07-01 13:14:12 [INFO] App Started
2025-07-01 13:15:14 [INFO] App Exited
2025-07-01 13:33:46 [INFO] App Started
2025-07-01 13:33:49 [INFO] App Exited
2025-07-01 13:36:15 [INFO] App Started
2025-07-01 14:30:26 [INFO] App Exited
2025-07-01 15:17:43 [INFO] App Started
2025-07-01 15:18:10 [INFO] QR Code Scanned: BK9000
2025-07-01 15:18:10 [INFO] QR Code Scanned: BK9000
2025-07-01 15:18:10 [INFO] QR Code Scanned: BK9000
2025-07-01 15:18:10 [INFO] QR Code Scanned: BK9000
2025-07-01 15:18:10 [INFO] QR Code Scanned: BK9000
2025-07-01 15:18:10 [INFO] QR Code Scanned: BK9000
2025-07-01 15:18:10 [INFO] QR Code Scanned: BK9000
2025-07-01 15:18:10 [INFO] QR Code Scanned: BK9000
2025-07-01 15:18:10 [INFO] QR Code Scanned: BK9000
2025-07-01 15:18:10 [INFO] QR Code Scanned: BK9000
2025-07-01 15:18:11 [INFO] QR Code Scanned: BK9000
2025-07-01 15:18:11 [INFO] QR Code Scanned: BK9000
2025-07-01 15:18:11 [INFO] QR Code Scanned: BK9000
2025-07-01 15:18:11 [INFO] QR Code Scanned: BK9000
2025-07-01 15:18:11 [INFO] QR Code Scanned: BK9000
2025-07-01 15:18:11 [INFO] QR Code Scanned: BK9000
2025-07-01 15:18:11 [INFO] QR Code Scanned: BK9000
2025-07-01 15:18:11 [INFO] QR Code Scanned: BK9000
2025-07-01 15:18:13 [INFO] QR Code Scanned: BK9000
2025-07-01 15:18:13 [INFO] QR Code Scanned: BK9000
2025-07-01 15:18:13 [INFO] QR Code Scanned: BK9000
2025-07-01 15:18:13 [INFO] QR Code Scanned: BK9000
2025-07-01 15:18:13 [INFO] QR Code Scanned: BK9000
2025-07-01 15:18:13 [INFO] QR Code Scanned: BK9000
2025-07-01 15:18:13 [INFO] QR Code Scanned: BK9000
2025-07-01 15:18:14 [INFO] QR Code Scanned: BK9000
2025-07-01 15:18:14 [INFO] QR Code Scanned: BK9000
2025-07-01 15:18:14 [INFO] QR Code Scanned: BK9000
2025-07-01 15:18:14 [INFO] QR Code Scanned: BK9000
2025-07-01 15:18:14 [INFO] QR Code Scanned: BK9000
2025-07-01 15:18:14 [INFO] QR Code Scanned: BK9000
2025-07-01 15:18:14 [INFO] QR Code Scanned: BK9000
2025-07-01 15:18:14 [INFO] QR Code Scanned: BK9000
2025-07-01 15:18:14 [INFO] QR Code Scanned: BK9000
2025-07-01 15:18:14 [INFO] QR Code Scanned: BK9000
2025-07-01 15:18:14 [INFO] QR Code Scanned: BK9000
2025-07-01 15:18:14 [INFO] QR Code Scanned: BK9000
2025-07-01 15:18:14 [INFO] QR Code Scanned: BK9000
2025-07-01 15:18:14 [INFO] QR Code Scanned: BK9000
2025-07-01 15:18:14 [INFO] QR Code Scanned: BK9000
2025-07-01 15:18:14 [INFO] QR Code Scanned: BK9000
2025-07-01 15:18:14 [INFO] QR Code Scanned: BK9000
2025-07-01 15:18:14 [INFO] QR Code Scanned: BK9000
2025-07-01 15:18:14 [INFO] QR Code Scanned: BK9000
2025-07-01 15:18:15 [INFO] QR Code Scanned: BK9000
2025-07-01 15:18:15 [INFO] QR Code Scanned: BK9000
2025-07-01 15:18:15 [INFO] QR Code Scanned: BK9000
2025-07-01 15:18:15 [INFO] QR Code Scanned: BK9000
2025-07-01 15:18:15 [INFO] QR Code Scanned: BK9000
2025-07-01 15:18:15 [INFO] QR Code Scanned: BK9000
2025-07-01 15:18:15 [INFO] QR Code Scanned: BK9000
2025-07-01 15:18:15 [INFO] QR Code Scanned: BK9000
2025-07-01 15:18:15 [INFO] QR Code Scanned: BK9000
2025-07-01 15:18:15 [INFO] QR Code Scanned: BK9000
2025-07-01 15:18:15 [INFO] QR Code Scanned: BK9000
2025-07-01 15:18:15 [INFO] QR Code Scanned: BK9000
2025-07-01 15:18:15 [INFO] QR Code Scanned: BK9000
2025-07-01 15:18:15 [INFO] QR Code Scanned: BK9000
2025-07-01 15:18:15 [INFO] QR Code Scanned: BK9000
2025-07-01 15:18:15 [INFO] QR Code Scanned: BK9000
2025-07-01 15:18:15 [INFO] QR Code Scanned: BK9000
2025-07-01 15:18:15 [INFO] QR Code Scanned: BK9000
2025-07-01 15:18:16 [INFO] QR Code Scanned: BK9000
2025-07-01 15:18:16 [INFO] QR Code Scanned: BK9000
2025-07-01 15:18:16 [INFO] QR Code Scanned: BK9000
2025-07-01 15:18:33 [INFO] App Exited
2025-07-01 15:19:57 [INFO] App Started
2025-07-01 15:20:02 [INFO] QR Code Scanned: BK9000
2025-07-01 15:20:02 [INFO] QR Code Scanned: BK9000
2025-07-01 15:20:02 [INFO] QR Code Scanned: BK9000
2025-07-01 15:20:07 [INFO] QR Code Scanned: BK9000
2025-07-01 15:20:07 [INFO] QR Code Scanned: BK9000
2025-07-01 15:20:07 [INFO] QR Code Scanned: BK9000
2025-07-01 15:20:07 [INFO] QR Code Scanned: BK9000
2025-07-01 15:20:07 [INFO] QR Code Scanned: BK9000
2025-07-01 15:20:07 [INFO] QR Code Scanned: BK9000
2025-07-01 15:20:08 [INFO] QR Code Scanned: BK9000
2025-07-01 15:20:08 [INFO] QR Code Scanned: BK9000
2025-07-01 15:20:08 [INFO] QR Code Scanned: BK9000
2025-07-01 15:20:08 [INFO] QR Code Scanned: BK9000
2025-07-01 15:20:08 [INFO] QR Code Scanned: BK9000
2025-07-01 15:20:08 [INFO] QR Code Scanned: BK9000
2025-07-01 15:20:08 [INFO] QR Code Scanned: BK9000
2025-07-01 15:20:08 [INFO] QR Code Scanned: BK9000
2025-07-01 15:20:08 [INFO] QR Code Scanned: BK9000
2025-07-01 15:20:08 [INFO] QR Code Scanned: BK9000
2025-07-01 15:20:08 [INFO] QR Code Scanned: BK9000
2025-07-01 15:20:08 [INFO] QR Code Scanned: BK9000
2025-07-01 15:20:08 [INFO] QR Code Scanned: BK9000
2025-07-01 15:20:08 [INFO] QR Code Scanned: BK9000
2025-07-01 15:20:08 [INFO] QR Code Scanned: BK9000
2025-07-01 15:20:08 [INFO] QR Code Scanned: BK9000
2025-07-01 15:20:08 [INFO] QR Code Scanned: BK9000
2025-07-01 15:20:08 [INFO] QR Code Scanned: BK9000
2025-07-01 15:20:08 [INFO] QR Code Scanned: BK9000
2025-07-01 15:20:09 [INFO] QR Code Scanned: BK9000
2025-07-01 15:20:09 [INFO] QR Code Scanned: BK9000
2025-07-01 15:20:09 [INFO] QR Code Scanned: BK9000
2025-07-01 15:20:09 [INFO] QR Code Scanned: BK9000
2025-07-01 15:20:09 [INFO] QR Code Scanned: BK9000
2025-07-01 15:20:09 [INFO] QR Code Scanned: BK9000
2025-07-01 15:20:09 [INFO] QR Code Scanned: BK9000
2025-07-01 15:20:09 [INFO] QR Code Scanned: BK9000
2025-07-01 15:20:09 [INFO] QR Code Scanned: BK9000
2025-07-01 15:20:09 [INFO] QR Code Scanned: BK9000
2025-07-01 15:20:09 [INFO] QR Code Scanned: BK9000
2025-07-01 15:20:09 [INFO] QR Code Scanned: BK9000
2025-07-01 15:20:09 [INFO] QR Code Scanned: BK9000
2025-07-01 15:20:09 [INFO] QR Code Scanned: BK9000
2025-07-01 15:20:09 [INFO] QR Code Scanned: BK9000
2025-07-01 15:20:09 [INFO] QR Code Scanned: BK9000
2025-07-01 15:20:09 [INFO] QR Code Scanned: BK9000
2025-07-01 15:20:09 [INFO] QR Code Scanned: BK9000
2025-07-01 15:20:10 [INFO] QR Code Scanned: BK9000
2025-07-01 15:20:10 [INFO] QR Code Scanned: BK9000
2025-07-01 15:20:10 [INFO] QR Code Scanned: BK9000
2025-07-01 15:20:10 [INFO] QR Code Scanned: BK9000
2025-07-01 15:20:10 [INFO] QR Code Scanned: BK9000
2025-07-01 15:20:10 [INFO] QR Code Scanned: BK9000
2025-07-01 15:20:10 [INFO] QR Code Scanned: BK9000
2025-07-01 15:20:10 [INFO] QR Code Scanned: BK9000
2025-07-01 15:20:10 [INFO] QR Code Scanned: BK9000
2025-07-01 15:20:10 [INFO] QR Code Scanned: BK9000
2025-07-01 15:20:10 [INFO] QR Code Scanned: BK9000
2025-07-01 15:20:10 [INFO] QR Code Scanned: BK9000
2025-07-01 15:20:10 [INFO] QR Code Scanned: BK9000
2025-07-01 15:20:10 [INFO] QR Code Scanned: BK9000
2025-07-01 15:20:10 [INFO] QR Code Scanned: BK9000
2025-07-01 15:20:10 [INFO] QR Code Scanned: BK9000
2025-07-01 15:20:10 [INFO] QR Code Scanned: BK9000
2025-07-01 15:20:10 [INFO] QR Code Scanned: BK9000
2025-07-01 15:20:11 [INFO] QR Code Scanned: BK9000
2025-07-01 15:20:11 [INFO] QR Code Scanned: BK9000
2025-07-01 15:20:11 [INFO] QR Code Scanned: BK9000
2025-07-01 15:20:11 [INFO] QR Code Scanned: BK9000
2025-07-01 15:20:11 [INFO] QR Code Scanned: BK9000
2025-07-01 15:20:11 [INFO] QR Code Scanned: BK9000
2025-07-01 15:20:11 [INFO] QR Code Scanned: BK9000
2025-07-01 15:20:11 [INFO] QR Code Scanned: BK9000
2025-07-01 15:20:11 [INFO] QR Code Scanned: BK9000
2025-07-01 15:20:11 [INFO] QR Code Scanned: BK9000
2025-07-01 15:20:11 [INFO] QR Code Scanned: BK9000
2025-07-01 15:20:11 [INFO] QR Code Scanned: BK9000
2025-07-01 15:20:18 [INFO] App Exited
2025-07-01 15:20:34 [INFO] App Started
2025-07-01 15:20:37 [INFO] QR Code Scanned: BK9000
2025-07-01 15:20:37 [INFO] QR Code Scanned: BK9000
2025-07-01 15:20:37 [INFO] QR Code Scanned: BK9000
2025-07-01 15:20:37 [INFO] QR Code Scanned: BK9000
2025-07-01 15:20:37 [INFO] QR Code Scanned: BK9000
2025-07-01 15:20:37 [INFO] QR Code Scanned: BK9000
2025-07-01 15:20:37 [INFO] QR Code Scanned: BK9000
2025-07-01 15:20:37 [INFO] QR Code Scanned: BK9000
2025-07-01 15:20:37 [INFO] QR Code Scanned: BK9000
2025-07-01 15:20:37 [INFO] QR Code Scanned: BK9000
2025-07-01 15:20:38 [INFO] QR Code Scanned: BK9000
2025-07-01 15:20:38 [INFO] QR Code Scanned: BK9000
2025-07-01 15:20:38 [INFO] QR Code Scanned: BK9000
2025-07-01 15:20:38 [INFO] QR Code Scanned: BK9000
2025-07-01 15:20:38 [INFO] QR Code Scanned: BK9000
2025-07-01 15:20:38 [INFO] QR Code Scanned: BK9000
2025-07-01 15:20:38 [INFO] QR Code Scanned: BK9000
2025-07-01 15:20:38 [INFO] QR Code Scanned: BK9000
2025-07-01 15:20:38 [INFO] QR Code Scanned: BK9000
2025-07-01 15:20:38 [INFO] QR Code Scanned: BK9000
2025-07-01 15:20:38 [INFO] QR Code Scanned: BK9000
2025-07-01 15:20:38 [INFO] QR Code Scanned: BK9000
2025-07-01 15:20:38 [INFO] QR Code Scanned: BK9000
2025-07-01 15:20:38 [INFO] QR Code Scanned: BK9000
2025-07-01 15:20:39 [INFO] QR Code Scanned: BK9000
2025-07-01 15:20:39 [INFO] QR Code Scanned: BK9000
2025-07-01 15:20:39 [INFO] QR Code Scanned: BK9000
2025-07-01 15:20:39 [INFO] QR Code Scanned: BK9000
2025-07-01 15:20:39 [INFO] QR Code Scanned: BK9000
2025-07-01 15:20:39 [INFO] QR Code Scanned: BK9000
2025-07-01 15:20:39 [INFO] QR Code Scanned: BK9000
2025-07-01 15:20:39 [INFO] QR Code Scanned: BK9000
2025-07-01 15:20:39 [INFO] QR Code Scanned: BK9000
2025-07-01 15:20:39 [INFO] QR Code Scanned: BK9000
2025-07-01 15:20:39 [INFO] QR Code Scanned: BK9000
2025-07-01 15:20:39 [INFO] QR Code Scanned: BK9000
2025-07-01 15:20:39 [INFO] QR Code Scanned: BK9000
2025-07-01 15:20:39 [INFO] QR Code Scanned: BK9000
2025-07-01 15:20:40 [INFO] QR Code Scanned: BK9000
2025-07-01 15:20:40 [INFO] QR Code Scanned: BK9000
2025-07-01 15:20:40 [INFO] QR Code Scanned: BK9000
2025-07-01 15:20:40 [INFO] QR Code Scanned: BK9000
2025-07-01 15:20:40 [INFO] QR Code Scanned: BK9000
2025-07-01 15:20:40 [INFO] QR Code Scanned: BK9000
2025-07-01 15:20:40 [INFO] QR Code Scanned: BK9000
2025-07-01 15:20:40 [INFO] QR Code Scanned: BK9000
2025-07-01 15:20:40 [INFO] QR Code Scanned: BK9000
2025-07-01 15:20:40 [INFO] QR Code Scanned: BK9000
2025-07-01 15:20:40 [INFO] QR Code Scanned: BK9000
2025-07-01 15:20:40 [INFO] QR Code Scanned: BK9000
2025-07-01 15:20:40 [INFO] QR Code Scanned: BK9000
2025-07-01 15:20:40 [INFO] QR Code Scanned: BK9000
2025-07-01 15:20:41 [INFO] QR Code Scanned: BK9000
2025-07-01 15:20:41 [INFO] QR Code Scanned: BK9000
2025-07-01 15:20:41 [INFO] QR Code Scanned: BK9000
2025-07-01 15:20:41 [INFO] QR Code Scanned: BK9000
2025-07-01 15:20:41 [INFO] QR Code Scanned: BK9000
2025-07-01 15:20:41 [INFO] QR Code Scanned: BK9000
2025-07-01 15:20:41 [INFO] QR Code Scanned: BK9000
2025-07-01 15:20:41 [INFO] QR Code Scanned: BK9000
2025-07-01 15:20:41 [INFO] QR Code Scanned: BK9000
2025-07-01 15:20:41 [INFO] QR Code Scanned: BK9000
2025-07-01 15:20:41 [INFO] QR Code Scanned: BK9000
2025-07-01 15:20:41 [INFO] QR Code Scanned: BK9000
2025-07-01 15:20:41 [INFO] QR Code Scanned: BK9000
2025-07-01 15:20:41 [INFO] QR Code Scanned: BK9000
2025-07-01 15:20:46 [INFO] App Exited
2025-07-01 15:24:02 [INFO] App Started
2025-07-01 15:24:08 [INFO] QR Code Scanned: BK9000
2025-07-01 15:24:08 [INFO] QR Code Scanned: BK9000
2025-07-01 15:24:08 [INFO] QR Code Scanned: BK9000
2025-07-01 15:24:08 [INFO] QR Code Scanned: BK9000
2025-07-01 15:24:08 [INFO] QR Code Scanned: BK9000
2025-07-01 15:24:08 [INFO] QR Code Scanned: BK9000
2025-07-01 15:24:08 [INFO] QR Code Scanned: BK9000
2025-07-01 15:24:08 [INFO] QR Code Scanned: BK9000
2025-07-01 15:24:08 [INFO] QR Code Scanned: BK9000
2025-07-01 15:24:08 [INFO] QR Code Scanned: BK9000
2025-07-01 15:24:09 [INFO] QR Code Scanned: BK9000
2025-07-01 15:24:09 [INFO] QR Code Scanned: BK9000
2025-07-01 15:24:09 [INFO] QR Code Scanned: BK9000
2025-07-01 15:24:09 [INFO] QR Code Scanned: BK9000
2025-07-01 15:24:18 [INFO] App Exited
2025-07-01 15:32:24 [INFO] App Started
2025-07-01 15:32:31 [INFO] QR Code Scanned: BK9000
2025-07-01 15:32:31 [INFO] QR Code Scanned: BK9000
2025-07-01 15:32:31 [INFO] QR Code Scanned: BK9000
2025-07-01 15:32:31 [INFO] QR Code Scanned: BK9000
2025-07-01 15:32:31 [INFO] QR Code Scanned: BK9000
2025-07-01 15:32:31 [INFO] QR Code Scanned: BK9000
2025-07-01 15:32:31 [INFO] QR Code Scanned: BK9000
2025-07-01 15:32:31 [INFO] QR Code Scanned: BK9000
2025-07-01 15:32:31 [INFO] QR Code Scanned: BK9000
2025-07-01 15:32:31 [INFO] QR Code Scanned: BK9000
2025-07-01 15:32:31 [INFO] QR Code Scanned: BK9000
2025-07-01 15:32:31 [INFO] QR Code Scanned: BK9000
2025-07-01 15:32:31 [INFO] QR Code Scanned: BK9000
2025-07-01 15:32:32 [INFO] QR Code Scanned: BK9000
2025-07-01 15:32:32 [INFO] QR Code Scanned: BK9000
2025-07-01 15:32:32 [INFO] QR Code Scanned: BK9000
2025-07-01 15:32:32 [INFO] QR Code Scanned: BK9000
2025-07-01 15:32:32 [INFO] QR Code Scanned: BK9000
2025-07-01 15:32:32 [INFO] QR Code Scanned: BK9000
2025-07-01 15:32:32 [INFO] QR Code Scanned: BK9000
2025-07-01 15:32:32 [INFO] QR Code Scanned: BK9000
2025-07-01 15:32:32 [INFO] QR Code Scanned: BK9000
2025-07-01 15:32:42 [INFO] App Exited
2025-07-01 15:34:30 [INFO] App Started
2025-07-01 15:34:38 [INFO] QR Code Scanned: BK9000
2025-07-01 15:34:56 [INFO] App Exited
2025-07-01 15:49:17 [INFO] App Started
2025-07-01 15:49:19 [INFO] App Exited
2025-07-02 09:01:34 [INFO] App Started
2025-07-02 09:02:19 [INFO] QR Code Scanned: BK9000
2025-07-02 09:02:32 [INFO] QR Code Scanned: BK9000
2025-07-02 09:02:35 [INFO] QR Code Scanned: BK9000
2025-07-02 09:02:37 [INFO] QR Code Scanned: BK9000
2025-07-02 09:03:05 [INFO] App Exited
2025-07-02 09:39:24 [INFO] App Started
2025-07-02 09:39:38 [INFO] QR Code Scanned: BK9000
2025-07-02 09:40:18 [INFO] App Exited
2025-07-02 09:40:26 [INFO] App Started
2025-07-02 09:40:42 [INFO] QR Code Scanned: BK9000
2025-07-02 09:41:05 [INFO] App Exited
2025-07-02 09:42:26 [INFO] App Started
2025-07-02 09:42:33 [INFO] QR Code Scanned: BK9000
2025-07-02 09:43:01 [INFO] QR Code Scanned: BK9000
2025-07-02 10:00:41 [INFO] App Exited
2025-07-02 10:24:42 [INFO] App Started
2025-07-02 10:25:06 [INFO] QR Code Scanned: BK9000
2025-07-02 10:26:18 [INFO] QR Code Scanned: BK9000
2025-07-02 10:26:39 [INFO] App Exited
2025-07-02 10:26:50 [INFO] App Started
2025-07-02 10:27:06 [INFO] QR Code Scanned: BK9000
2025-07-02 10:29:32 [INFO] App Exited
2025-07-02 10:29:40 [INFO] App Started
2025-07-02 10:30:36 [INFO] QR Code Scanned: BK9000
2025-07-02 10:33:29 [INFO] App Started
2025-07-02 10:36:33 [INFO] QR Code Scanned: BK9000
2025-07-02 10:38:24 [INFO] App Exited
2025-07-02 10:38:32 [INFO] App Started
2025-07-02 10:38:36 [INFO] QR Code Scanned: BK9000
2025-07-02 10:39:19 [INFO] App Exited
2025-07-02 10:39:28 [INFO] App Started
2025-07-02 10:39:38 [INFO] QR Code Scanned: BK9000
2025-07-02 10:40:44 [INFO] QR Code Scanned: BK9000
2025-07-02 10:51:42 [INFO] App Exited
2025-07-02 10:51:50 [INFO] App Started
2025-07-02 10:51:57 [INFO] QR Code Scanned: BK9000
2025-07-02 10:52:31 [INFO] App Exited
2025-07-02 12:06:54 [INFO] App Started
2025-07-02 13:09:20 [INFO] App Started
2025-07-02 13:09:39 [INFO] QR Code Scanned: BK9000
2025-07-02 13:16:16 [INFO] App Exited
2025-07-02 13:16:33 [INFO] App Started
2025-07-02 13:16:46 [INFO] QR Code Scanned: BK9000
2025-07-02 13:16:56 [INFO] QR_USERNAME has checked out items: []
2025-07-02 13:17:02 [INFO] App Exited

2025-07-02 13:19:24 [INFO] App Started
2025-07-02 13:19:33 [INFO] QR Code Scanned: BK9000
2025-07-02 13:19:38 [INFO] QR_USERNAME has checked out items: []
2025-07-02 13:19:49 [INFO] App Exited

2025-07-02 13:20:02 [INFO] App Started
2025-07-02 13:20:04 [INFO] App Exited

2025-07-02 13:21:00 [INFO] App Started
2025-07-02 13:21:08 [INFO] QR Code Scanned: BK9000
2025-07-02 13:21:11 [INFO] QR_USERNAME has checked out items: []
2025-07-02 13:26:44 [INFO] App Exited

2025-07-02 13:26:58 [INFO] App Started
2025-07-02 13:27:29 [INFO] QR Code Scanned: BK9000
2025-07-02 13:27:33 [INFO] QR_USERNAME has checked out items: ['BK9000']
2025-07-02 13:29:41 [INFO] App Exited

2025-07-02 13:29:49 [INFO] App Started
2025-07-02 13:30:01 [INFO] QR Code Scanned: BK9000
2025-07-02 13:30:21 [INFO] QR Code Scanned: BK9000
2025-07-02 13:30:23 [INFO] QR_USERNAME has checked out items: ['BK9000']
2025-07-02 13:30:28 [INFO] App Exited

2025-07-02 13:56:34 [INFO] App Started
2025-07-02 13:56:44 [INFO] App Exited

2025-07-02 14:08:15 [INFO] App Started
2025-07-02 14:08:40 [INFO] App Exited

2025-07-02 14:34:27 [INFO] App Started
2025-07-02 14:35:42 [INFO] App Exited

2025-07-02 14:36:12 [INFO] App Started
2025-07-02 14:36:24 [INFO] App Exited

2025-07-02 14:36:32 [INFO] App Started
2025-07-02 14:36:59 [INFO] App Exited

2025-07-02 14:37:07 [INFO] App Started
2025-07-02 14:37:23 [INFO] App Exited

2025-07-02 14:41:36 [INFO] App Started
2025-07-02 14:42:46 [INFO] App Exited

2025-07-02 14:42:55 [INFO] App Started
2025-07-02 14:44:37 [INFO] App Exited

2025-07-02 14:57:20 [INFO] App Started
2025-07-02 14:57:46 [INFO] App Exited

2025-07-02 15:08:43 [INFO] App Started
2025-07-02 15:10:09 [INFO] App Started
2025-07-02 15:11:10 [INFO] App Exited

2025-07-02 15:11:20 [INFO] App Started
2025-07-02 15:13:11 [INFO] App Exited

2025-07-02 15:13:22 [INFO] App Started
2025-07-02 15:16:12 [INFO] App Exited

2025-07-02 15:16:23 [INFO] App Started
2025-07-02 15:25:34 [INFO] App Exited

2025-07-02 15:37:49 [INFO] App Started
2025-07-02 15:37:52 [INFO] App Exited

2025-07-02 15:38:01 [INFO] App Started
2025-07-02 15:57:50 [INFO] App Exited

2025-07-02 16:58:29 [INFO] App Started
2025-07-02 17:00:07 [INFO] App Exited

2025-07-02 17:00:16 [INFO] App Started
2025-07-02 17:00:46 [INFO] App Exited

2025-07-02 17:00:55 [INFO] App Started
2025-07-02 17:03:16 [INFO] App Exited

2025-07-02 17:05:48 [INFO] App Started
2025-07-02 17:05:55 [INFO] QR Code Scanned: BK9000
2025-07-02 17:05:57 [INFO] QR_USERNAME has checked out items: ['BK9000']
2025-07-02 17:05:57 [INFO] Items List Cleared
2025-07-02 17:06:11 [INFO] App Exited

2025-07-02 17:07:24 [INFO] App Started
2025-07-02 17:07:32 [INFO] QR Code Scanned: BK9000
2025-07-02 17:07:35 [INFO] QR_USERNAME has checked out items: ['BK9000']
2025-07-02 17:07:35 [INFO] Items List Cleared
2025-07-02 17:08:45 [INFO] App Exited

2025-07-02 17:10:26 [INFO] App Started
2025-07-02 17:10:39 [INFO] App Exited

2025-07-02 17:10:50 [INFO] App Started
2025-07-02 17:10:52 [INFO] App Exited

2025-07-02 17:11:18 [INFO] App Started
2025-07-02 17:12:34 [INFO] App Exited

